[2020-05-03 04:22:15 +0800] [11199] [INFO] Starting gunicorn 20.0.4
[2020-05-03 04:22:15 +0800] [11199] [INFO] Listening at: http://127.0.0.1:8090 (11199)
[2020-05-03 04:22:15 +0800] [11199] [INFO] Using worker: sync
[2020-05-03 04:22:15 +0800] [11203] [INFO] Booting worker with pid: 11203
[2020-05-03 04:22:15 +0800] [11204] [INFO] Booting worker with pid: 11204
[2020-05-03 04:22:15 +0800] [11205] [INFO] Booting worker with pid: 11205
[2020-05-03 04:22:15 +0800] [11208] [INFO] Booting worker with pid: 11208
[2020-05-03 04:24:14 +0800] [11199] [INFO] Handling signal: int
[2020-05-03 04:24:14 +0800] [11204] [INFO] Worker exiting (pid: 11204)
[2020-05-03 04:24:14 +0800] [11203] [INFO] Worker exiting (pid: 11203)
[2020-05-03 04:24:14 +0800] [11205] [INFO] Worker exiting (pid: 11205)
[2020-05-03 04:24:14 +0800] [11208] [INFO] Worker exiting (pid: 11208)
[2020-05-03 04:24:14 +0800] [11199] [INFO] Shutting down: Master
[2020-05-03 04:27:19 +0800] [12490] [INFO] Starting gunicorn 20.0.4
[2020-05-03 04:27:19 +0800] [12490] [INFO] Listening at: http://127.0.0.1:8090 (12490)
[2020-05-03 04:27:19 +0800] [12490] [INFO] Using worker: sync
[2020-05-03 04:27:19 +0800] [12493] [INFO] Booting worker with pid: 12493
[2020-05-03 04:27:19 +0800] [12494] [INFO] Booting worker with pid: 12494
[2020-05-03 04:27:19 +0800] [12495] [INFO] Booting worker with pid: 12495
[2020-05-03 04:27:19 +0800] [12496] [INFO] Booting worker with pid: 12496
